<?xml version="1.0" encoding="UTF-8"?>
<testsuite name="NumbersTest" tests="1" skipped="0" failures="0" errors="0" timestamp="2023-10-19T21:01:15" hostname="DESKTOP-LDRFUTJ" time="4.973">
  <properties/>
  <testcase name="start" classname="NumbersTest" time="4.973"/>
  <system-out><![CDATA[?[1;31m
Start test 1?[0m
Welcome to Amazing Numbers!
Supported requests:
- enter a natural number to know its properties;
- enter two natural numbers to obtain the properties of the list:
  * the first parameter represents a starting number;
  * the second parameter shows how many consecutive numbers are to be printed;
- two natural numbers and properties to search for;
- separate the parameters with one space;
- enter 0 to exit
Enter a request: > 0
Goodbye!
?[1;31m
Start test 2?[0m
Welcome to Amazing Numbers!
Supported requests:
- enter a natural number to know its properties;
- enter two natural numbers to obtain the properties of the list:
  * the first parameter represents a starting number;
  * the second parameter shows how many consecutive numbers are to be printed;
- two natural numbers and properties to search for;
- separate the parameters with one space;
- enter 0 to exit
Enter a request: > -89
The first parameter should be a natural number or zero.
Enter a request: > 0
Goodbye!
?[1;31m
Start test 3?[0m
Welcome to Amazing Numbers!
Supported requests:
- enter a natural number to know its properties;
- enter two natural numbers to obtain the properties of the list:
  * the first parameter represents a starting number;
  * the second parameter shows how many consecutive numbers are to be printed;
- two natural numbers and properties to search for;
- separate the parameters with one space;
- enter 0 to exit
Enter a request: > -66
The first parameter should be a natural number or zero.
Enter a request: > 0
Goodbye!
?[1;31m
Start test 4?[0m
Welcome to Amazing Numbers!
Supported requests:
- enter a natural number to know its properties;
- enter two natural numbers to obtain the properties of the list:
  * the first parameter represents a starting number;
  * the second parameter shows how many consecutive numbers are to be printed;
- two natural numbers and properties to search for;
- separate the parameters with one space;
- enter 0 to exit
Enter a request: > -33
The first parameter should be a natural number or zero.
Enter a request: > 0
Goodbye!
?[1;31m
Start test 5?[0m
Welcome to Amazing Numbers!
Supported requests:
- enter a natural number to know its properties;
- enter two natural numbers to obtain the properties of the list:
  * the first parameter represents a starting number;
  * the second parameter shows how many consecutive numbers are to be printed;
- two natural numbers and properties to search for;
- separate the parameters with one space;
- enter 0 to exit
Enter a request: > -9
The first parameter should be a natural number or zero.
Enter a request: > 0
Goodbye!
?[1;31m
Start test 6?[0m
Welcome to Amazing Numbers!
Supported requests:
- enter a natural number to know its properties;
- enter two natural numbers to obtain the properties of the list:
  * the first parameter represents a starting number;
  * the second parameter shows how many consecutive numbers are to be printed;
- two natural numbers and properties to search for;
- separate the parameters with one space;
- enter 0 to exit
Enter a request: > -119
The first parameter should be a natural number or zero.
Enter a request: > 0
Goodbye!
?[1;31m
Start test 7?[0m
Welcome to Amazing Numbers!
Supported requests:
- enter a natural number to know its properties;
- enter two natural numbers to obtain the properties of the list:
  * the first parameter represents a starting number;
  * the second parameter shows how many consecutive numbers are to be printed;
- two natural numbers and properties to search for;
- separate the parameters with one space;
- enter 0 to exit
Enter a request: > 3023 -3218
The second parameter should be a natural number.
Enter a request: > 0
Goodbye!
?[1;31m
Start test 8?[0m
Welcome to Amazing Numbers!
Supported requests:
- enter a natural number to know its properties;
- enter two natural numbers to obtain the properties of the list:
  * the first parameter represents a starting number;
  * the second parameter shows how many consecutive numbers are to be printed;
- two natural numbers and properties to search for;
- separate the parameters with one space;
- enter 0 to exit
Enter a request: > 20281 -4345
The second parameter should be a natural number.
Enter a request: > 0
Goodbye!
?[1;31m
Start test 9?[0m
Welcome to Amazing Numbers!
Supported requests:
- enter a natural number to know its properties;
- enter two natural numbers to obtain the properties of the list:
  * the first parameter represents a starting number;
  * the second parameter shows how many consecutive numbers are to be printed;
- two natural numbers and properties to search for;
- separate the parameters with one space;
- enter 0 to exit
Enter a request: > 31678 -5128
The second parameter should be a natural number.
Enter a request: > 0
Goodbye!
?[1;31m
Start test 10?[0m
Welcome to Amazing Numbers!
Supported requests:
- enter a natural number to know its properties;
- enter two natural numbers to obtain the properties of the list:
  * the first parameter represents a starting number;
  * the second parameter shows how many consecutive numbers are to be printed;
- two natural numbers and properties to search for;
- separate the parameters with one space;
- enter 0 to exit
Enter a request: > 31015 -15167
The second parameter should be a natural number.
Enter a request: > 0
Goodbye!
?[1;31m
Start test 11?[0m
Welcome to Amazing Numbers!
Supported requests:
- enter a natural number to know its properties;
- enter two natural numbers to obtain the properties of the list:
  * the first parameter represents a starting number;
  * the second parameter shows how many consecutive numbers are to be printed;
- two natural numbers and properties to search for;
- separate the parameters with one space;
- enter 0 to exit
Enter a request: > 28519 -22845
The second parameter should be a natural number.
Enter a request: > 0
Goodbye!
?[1;31m
Start test 12?[0m
Welcome to Amazing Numbers!
Supported requests:
- enter a natural number to know its properties;
- enter two natural numbers to obtain the properties of the list:
  * the first parameter represents a starting number;
  * the second parameter shows how many consecutive numbers are to be printed;
- two natural numbers and properties to search for;
- separate the parameters with one space;
- enter 0 to exit
Enter a request: > 28418 -15979
The second parameter should be a natural number.
Enter a request: > 0
Goodbye!
?[1;31m
Start test 13?[0m
Welcome to Amazing Numbers!
Supported requests:
- enter a natural number to know its properties;
- enter two natural numbers to obtain the properties of the list:
  * the first parameter represents a starting number;
  * the second parameter shows how many consecutive numbers are to be printed;
- two natural numbers and properties to search for;
- separate the parameters with one space;
- enter 0 to exit
Enter a request: > 28867 -28100
The second parameter should be a natural number.
Enter a request: > 0
Goodbye!
?[1;31m
Start test 14?[0m
Welcome to Amazing Numbers!
Supported requests:
- enter a natural number to know its properties;
- enter two natural numbers to obtain the properties of the list:
  * the first parameter represents a starting number;
  * the second parameter shows how many consecutive numbers are to be printed;
- two natural numbers and properties to search for;
- separate the parameters with one space;
- enter 0 to exit
Enter a request: > 1724 -12516
The second parameter should be a natural number.
Enter a request: > 0
Goodbye!
?[1;31m
Start test 15?[0m
Welcome to Amazing Numbers!
Supported requests:
- enter a natural number to know its properties;
- enter two natural numbers to obtain the properties of the list:
  * the first parameter represents a starting number;
  * the second parameter shows how many consecutive numbers are to be printed;
- two natural numbers and properties to search for;
- separate the parameters with one space;
- enter 0 to exit
Enter a request: > 16825 -29138
The second parameter should be a natural number.
Enter a request: > 0
Goodbye!
?[1;31m
Start test 16?[0m
Welcome to Amazing Numbers!
Supported requests:
- enter a natural number to know its properties;
- enter two natural numbers to obtain the properties of the list:
  * the first parameter represents a starting number;
  * the second parameter shows how many consecutive numbers are to be printed;
- two natural numbers and properties to search for;
- separate the parameters with one space;
- enter 0 to exit
Enter a request: > 18417 -22869
The second parameter should be a natural number.
Enter a request: > 0
Goodbye!
?[1;31m
Start test 17?[0m
Welcome to Amazing Numbers!
Supported requests:
- enter a natural number to know its properties;
- enter two natural numbers to obtain the properties of the list:
  * the first parameter represents a starting number;
  * the second parameter shows how many consecutive numbers are to be printed;
- two natural numbers and properties to search for;
- separate the parameters with one space;
- enter 0 to exit
Enter a request: > 1
properties of 1
square : true
jumping : true
even : false
duck : false
gapful : false
sunny : false
buzz : false
spy : true
odd : true
palindromic : true
Enter a request: > 2
properties of 2
square : false
jumping : true
even : true
duck : false
gapful : false
sunny : false
buzz : false
spy : true
odd : false
palindromic : true
Enter a request: > 3
properties of 3
square : false
jumping : true
even : false
duck : false
gapful : false
sunny : true
buzz : false
spy : true
odd : true
palindromic : true
Enter a request: > 4
properties of 4
square : true
jumping : true
even : true
duck : false
gapful : false
sunny : false
buzz : false
spy : true
odd : false
palindromic : true
Enter a request: > 5
properties of 5
square : false
jumping : true
even : false
duck : false
gapful : false
sunny : false
buzz : false
spy : true
odd : true
palindromic : true
Enter a request: > 6
properties of 6
square : false
jumping : true
even : true
duck : false
gapful : false
sunny : false
buzz : false
spy : true
odd : false
palindromic : true
Enter a request: > 7
properties of 7
square : false
jumping : true
even : false
duck : false
gapful : false
sunny : false
buzz : true
spy : true
odd : true
palindromic : true
Enter a request: > 8
properties of 8
square : false
jumping : true
even : true
duck : false
gapful : false
sunny : true
buzz : false
spy : true
odd : false
palindromic : true
Enter a request: > 9
properties of 9
square : true
jumping : true
even : false
duck : false
gapful : false
sunny : false
buzz : false
spy : true
odd : true
palindromic : true
Enter a request: > 10
properties of 10
square : false
jumping : true
even : true
duck : true
gapful : false
sunny : false
buzz : false
spy : false
odd : false
palindromic : false
Enter a request: > 11
properties of 11
square : false
jumping : false
even : false
duck : false
gapful : false
sunny : false
buzz : false
spy : false
odd : true
palindromic : true
Enter a request: > 12
properties of 12
square : false
jumping : true
even : true
duck : false
gapful : false
sunny : false
buzz : false
spy : false
odd : false
palindromic : false
Enter a request: > 13
properties of 13
square : false
jumping : false
even : false
duck : false
gapful : false
sunny : false
buzz : false
spy : false
odd : true
palindromic : false
Enter a request: > 14
properties of 14
square : false
jumping : false
even : true
duck : false
gapful : false
sunny : false
buzz : true
spy : false
odd : false
palindromic : false
Enter a request: > 5326366858480109313
properties of 5326366858480109313
square : false
jumping : false
even : false
duck : true
gapful : false
sunny : false
buzz : false
spy : false
odd : true
palindromic : false
Enter a request: > 2809103028261991180
properties of 2809103028261991180
square : false
jumping : false
even : true
duck : true
gapful : true
sunny : false
buzz : false
spy : false
odd : false
palindromic : false
Enter a request: > 7457669483620388294
properties of 7457669483620388294
square : false
jumping : false
even : true
duck : true
gapful : false
sunny : false
buzz : false
spy : false
odd : false
palindromic : false
Enter a request: > 3910091552669119797
properties of 3910091552669119797
square : false
jumping : false
even : false
duck : true
gapful : false
sunny : false
buzz : true
spy : false
odd : true
palindromic : false
Enter a request: > 279697921887232966
properties of 279697921887232966
square : false
jumping : false
even : true
duck : false
gapful : true
sunny : false
buzz : false
spy : false
odd : false
palindromic : false
Enter a request: > 2648794657030081853
properties of 2648794657030081853
square : false
jumping : false
even : false
duck : true
gapful : false
sunny : false
buzz : false
spy : false
odd : true
palindromic : false
Enter a request: > 8478738481133883593
properties of 8478738481133883593
square : false
jumping : false
even : false
duck : false
gapful : false
sunny : false
buzz : false
spy : false
odd : true
palindromic : false
Enter a request: > 4797990089047245839
properties of 4797990089047245839
square : false
jumping : false
even : false
duck : true
gapful : false
sunny : false
buzz : true
spy : false
odd : true
palindromic : false
Enter a request: > 3010313524382576931
properties of 3010313524382576931
square : false
jumping : false
even : false
duck : true
gapful : false
sunny : false
buzz : false
spy : false
odd : true
palindromic : false
Enter a request: > 65156467324351614
properties of 65156467324351614
square : false
jumping : false
even : true
duck : false
gapful : false
sunny : false
buzz : false
spy : false
odd : false
palindromic : false
Enter a request: > 0
Goodbye!
?[1;31m
Start test 18?[0m
Welcome to Amazing Numbers!
Supported requests:
- enter a natural number to know its properties;
- enter two natural numbers to obtain the properties of the list:
  * the first parameter represents a starting number;
  * the second parameter shows how many consecutive numbers are to be printed;
- two natural numbers and properties to search for;
- separate the parameters with one space;
- enter 0 to exit
Enter a request: > 1 15
1 is square, jumping, spy, odd, palindromic
2 is jumping, even, spy, palindromic
3 is jumping, sunny, spy, odd, palindromic
4 is square, jumping, even, spy, palindromic
5 is jumping, spy, odd, palindromic
6 is jumping, even, spy, palindromic
7 is jumping, buzz, spy, odd, palindromic
8 is jumping, even, sunny, spy, palindromic
9 is square, jumping, spy, odd, palindromic
10 is jumping, even, duck
11 is odd, palindromic
12 is jumping, even
13 is odd
14 is even, buzz
15 is sunny, odd
Enter a request: > 0
Goodbye!
?[1;31m
Start test 19?[0m
Welcome to Amazing Numbers!
Supported requests:
- enter a natural number to know its properties;
- enter two natural numbers to obtain the properties of the list:
  * the first parameter represents a starting number;
  * the second parameter shows how many consecutive numbers are to be printed;
- two natural numbers and properties to search for;
- separate the parameters with one space;
- enter 0 to exit
Enter a request: > 8041226424568023907 13
8041226424568023907 is duck, buzz, odd
8041226424568023908 is even, duck
8041226424568023909 is duck, odd
8041226424568023910 is even, duck
8041226424568023911 is duck, buzz, odd
8041226424568023912 is even, duck
8041226424568023913 is duck, odd
8041226424568023914 is even, duck
8041226424568023915 is duck, odd
8041226424568023916 is even, duck
8041226424568023917 is duck, buzz, odd
8041226424568023918 is even, duck, buzz
8041226424568023919 is duck, odd
Enter a request: > 0
Goodbye!
?[1;31m
Start test 20?[0m
Welcome to Amazing Numbers!
Supported requests:
- enter a natural number to know its properties;
- enter two natural numbers to obtain the properties of the list:
  * the first parameter represents a starting number;
  * the second parameter shows how many consecutive numbers are to be printed;
- two natural numbers and properties to search for;
- separate the parameters with one space;
- enter 0 to exit
Enter a request: > 6018846922790456111 4
6018846922790456111 is duck, buzz, odd
6018846922790456112 is even, duck
6018846922790456113 is duck, odd
6018846922790456114 is even, duck
Enter a request: > 0
Goodbye!
?[1;31m
Start test 21?[0m
Welcome to Amazing Numbers!
Supported requests:
- enter a natural number to know its properties;
- enter two natural numbers to obtain the properties of the list:
  * the first parameter represents a starting number;
  * the second parameter shows how many consecutive numbers are to be printed;
- two natural numbers and properties to search for;
- separate the parameters with one space;
- enter 0 to exit
Enter a request: > 582648774357562839 10
582648774357562839 is odd
582648774357562840 is even, duck
582648774357562841 is odd
582648774357562842 is even
582648774357562843 is buzz, odd
582648774357562844 is even
582648774357562845 is odd
582648774357562846 is even
582648774357562847 is buzz, odd
582648774357562848 is even, gapful
Enter a request: > 0
Goodbye!
?[1;31m
Start test 22?[0m
Welcome to Amazing Numbers!
Supported requests:
- enter a natural number to know its properties;
- enter two natural numbers to obtain the properties of the list:
  * the first parameter represents a starting number;
  * the second parameter shows how many consecutive numbers are to be printed;
- two natural numbers and properties to search for;
- separate the parameters with one space;
- enter 0 to exit
Enter a request: > 625839295977362752 12
625839295977362752 is even
625839295977362753 is odd
625839295977362754 is even, buzz
625839295977362755 is odd
625839295977362756 is even
625839295977362757 is buzz, odd
625839295977362758 is even
625839295977362759 is odd
625839295977362760 is even, duck, gapful
625839295977362761 is buzz, odd
625839295977362762 is even
625839295977362763 is odd
Enter a request: > 0
Goodbye!
?[1;31m
Start test 23?[0m
Welcome to Amazing Numbers!
Supported requests:
- enter a natural number to know its properties;
- enter two natural numbers to obtain the properties of the list:
  * the first parameter represents a starting number;
  * the second parameter shows how many consecutive numbers are to be printed;
- two natural numbers and properties to search for;
- separate the parameters with one space;
- enter 0 to exit
Enter a request: > 5953034687975007446 7
5953034687975007446 is even, duck
5953034687975007447 is duck, buzz, odd
5953034687975007448 is even, duck
5953034687975007449 is duck, odd
5953034687975007450 is even, duck, gapful
5953034687975007451 is duck, buzz, odd
5953034687975007452 is even, duck
Enter a request: > 0
Goodbye!
?[1;31m
Start test 24?[0m
Welcome to Amazing Numbers!
Supported requests:
- enter a natural number to know its properties;
- enter two natural numbers to obtain the properties of the list:
  * the first parameter represents a starting number;
  * the second parameter shows how many consecutive numbers are to be printed;
- two natural numbers and properties to search for;
- separate the parameters with one space;
- enter 0 to exit
Enter a request: > 5115054649788369192 19
5115054649788369192 is even, duck
5115054649788369193 is duck, odd
5115054649788369194 is even, duck
5115054649788369195 is duck, buzz, odd
5115054649788369196 is even, duck
5115054649788369197 is duck, buzz, odd
5115054649788369198 is even, duck
5115054649788369199 is duck, odd
5115054649788369200 is even, duck, gapful
5115054649788369201 is duck, gapful, odd
5115054649788369202 is even, duck, buzz
5115054649788369203 is duck, odd
5115054649788369204 is even, duck
5115054649788369205 is duck, odd
5115054649788369206 is even, duck
5115054649788369207 is duck, buzz, odd
5115054649788369208 is even, duck
5115054649788369209 is duck, buzz, odd
5115054649788369210 is even, duck
Enter a request: > 0
Goodbye!
?[1;31m
Start test 25?[0m
Welcome to Amazing Numbers!
Supported requests:
- enter a natural number to know its properties;
- enter two natural numbers to obtain the properties of the list:
  * the first parameter represents a starting number;
  * the second parameter shows how many consecutive numbers are to be printed;
- two natural numbers and properties to search for;
- separate the parameters with one space;
- enter 0 to exit
Enter a request: > 8661345357843223904 5
8661345357843223904 is even, duck
8661345357843223905 is duck, odd
8661345357843223906 is even, duck, buzz
8661345357843223907 is duck, buzz, odd
8661345357843223908 is even, duck
Enter a request: > 0
Goodbye!
?[1;31m
Start test 26?[0m
Welcome to Amazing Numbers!
Supported requests:
- enter a natural number to know its properties;
- enter two natural numbers to obtain the properties of the list:
  * the first parameter represents a starting number;
  * the second parameter shows how many consecutive numbers are to be printed;
- two natural numbers and properties to search for;
- separate the parameters with one space;
- enter 0 to exit
Enter a request: > 2952126047632709362 16
2952126047632709362 is even, duck
2952126047632709363 is duck, odd
2952126047632709364 is even, duck
2952126047632709365 is duck, odd
2952126047632709366 is even, duck
2952126047632709367 is duck, gapful, buzz, odd
2952126047632709368 is even, duck
2952126047632709369 is duck, odd
2952126047632709370 is even, duck
2952126047632709371 is duck, odd
2952126047632709372 is even, duck
2952126047632709373 is duck, gapful, odd
2952126047632709374 is even, duck, buzz
2952126047632709375 is duck, gapful, odd
2952126047632709376 is even, duck, gapful
2952126047632709377 is duck, buzz, odd
Enter a request: > 0
Goodbye!
?[1;31m
Start test 27?[0m
Welcome to Amazing Numbers!
Supported requests:
- enter a natural number to know its properties;
- enter two natural numbers to obtain the properties of the list:
  * the first parameter represents a starting number;
  * the second parameter shows how many consecutive numbers are to be printed;
- two natural numbers and properties to search for;
- separate the parameters with one space;
- enter 0 to exit
Enter a request: > 2420585132359859174 9
2420585132359859174 is even, duck
2420585132359859175 is duck, gapful, odd
2420585132359859176 is even, duck
2420585132359859177 is duck, buzz, odd
2420585132359859178 is even, duck, buzz
2420585132359859179 is duck, odd
2420585132359859180 is even, duck, gapful
2420585132359859181 is duck, odd
2420585132359859182 is even, duck
Enter a request: > 0
Goodbye!
?[1;31m
Start test 28?[0m
Welcome to Amazing Numbers!
Supported requests:
- enter a natural number to know its properties;
- enter two natural numbers to obtain the properties of the list:
  * the first parameter represents a starting number;
  * the second parameter shows how many consecutive numbers are to be printed;
- two natural numbers and properties to search for;
- separate the parameters with one space;
- enter 0 to exit
Enter a request: > 1409435116074674780 8
1409435116074674780 is even, duck, gapful, buzz
1409435116074674781 is duck, odd
1409435116074674782 is even, duck
1409435116074674783 is duck, odd
1409435116074674784 is even, duck
1409435116074674785 is duck, odd
1409435116074674786 is even, duck
1409435116074674787 is duck, buzz, odd
Enter a request: > 0
Goodbye!
?[1;31m
Start test 29?[0m
Welcome to Amazing Numbers!
Supported requests:
- enter a natural number to know its properties;
- enter two natural numbers to obtain the properties of the list:
  * the first parameter represents a starting number;
  * the second parameter shows how many consecutive numbers are to be printed;
- two natural numbers and properties to search for;
- separate the parameters with one space;
- enter 0 to exit
Enter a request: > 1 10 May
The property [MAY] is wrong.
Available properties: [EVEN, ODD, BUZZ, DUCK, PALINDROMIC, GAPFUL, SPY, SQUARE, SUNNY, JUMPING]
Enter a request: > 0
Goodbye!
?[1;31m
Start test 30?[0m
Welcome to Amazing Numbers!
Supported requests:
- enter a natural number to know its properties;
- enter two natural numbers to obtain the properties of the list:
  * the first parameter represents a starting number;
  * the second parameter shows how many consecutive numbers are to be printed;
- two natural numbers and properties to search for;
- separate the parameters with one space;
- enter 0 to exit
Enter a request: > 40 2 bay
The property [BAY] is wrong.
Available properties: [EVEN, ODD, BUZZ, DUCK, PALINDROMIC, GAPFUL, SPY, SQUARE, SUNNY, JUMPING]
Enter a request: > 0
Goodbye!
?[1;31m
Start test 31?[0m
Welcome to Amazing Numbers!
Supported requests:
- enter a natural number to know its properties;
- enter two natural numbers to obtain the properties of the list:
  * the first parameter represents a starting number;
  * the second parameter shows how many consecutive numbers are to be printed;
- two natural numbers and properties to search for;
- separate the parameters with one space;
- enter 0 to exit
Enter a request: > 37 4 8
The property [8] is wrong.
Available properties: [EVEN, ODD, BUZZ, DUCK, PALINDROMIC, GAPFUL, SPY, SQUARE, SUNNY, JUMPING]
Enter a request: > 0
Goodbye!
?[1;31m
Start test 32?[0m
Welcome to Amazing Numbers!
Supported requests:
- enter a natural number to know its properties;
- enter two natural numbers to obtain the properties of the list:
  * the first parameter represents a starting number;
  * the second parameter shows how many consecutive numbers are to be printed;
- two natural numbers and properties to search for;
- separate the parameters with one space;
- enter 0 to exit
Enter a request: > 67 2 day
The property [DAY] is wrong.
Available properties: [EVEN, ODD, BUZZ, DUCK, PALINDROMIC, GAPFUL, SPY, SQUARE, SUNNY, JUMPING]
Enter a request: > 0
Goodbye!
?[1;31m
Start test 33?[0m
Welcome to Amazing Numbers!
Supported requests:
- enter a natural number to know its properties;
- enter two natural numbers to obtain the properties of the list:
  * the first parameter represents a starting number;
  * the second parameter shows how many consecutive numbers are to be printed;
- two natural numbers and properties to search for;
- separate the parameters with one space;
- enter 0 to exit
Enter a request: > 2 54 Prime
The property [PRIME] is wrong.
Available properties: [EVEN, ODD, BUZZ, DUCK, PALINDROMIC, GAPFUL, SPY, SQUARE, SUNNY, JUMPING]
Enter a request: > 0
Goodbye!
?[1;31m
Start test 34?[0m
Welcome to Amazing Numbers!
Supported requests:
- enter a natural number to know its properties;
- enter two natural numbers to obtain the properties of the list:
  * the first parameter represents a starting number;
  * the second parameter shows how many consecutive numbers are to be printed;
- two natural numbers and properties to search for;
- separate the parameters with one space;
- enter 0 to exit
Enter a request: > 6 8 ...
The property [...] is wrong.
Available properties: [EVEN, ODD, BUZZ, DUCK, PALINDROMIC, GAPFUL, SPY, SQUARE, SUNNY, JUMPING]
Enter a request: > 0
Goodbye!
?[1;31m
Start test 35?[0m
Welcome to Amazing Numbers!
Supported requests:
- enter a natural number to know its properties;
- enter two natural numbers to obtain the properties of the list:
  * the first parameter represents a starting number;
  * the second parameter shows how many consecutive numbers are to be printed;
- two natural numbers and properties to search for;
- separate the parameters with one space;
- enter 0 to exit
Enter a request: > 5 9 none
The property [NONE] is wrong.
Available properties: [EVEN, ODD, BUZZ, DUCK, PALINDROMIC, GAPFUL, SPY, SQUARE, SUNNY, JUMPING]
Enter a request: > 0
Goodbye!
?[1;31m
Start test 36?[0m
Welcome to Amazing Numbers!
Supported requests:
- enter a natural number to know its properties;
- enter two natural numbers to obtain the properties of the list:
  * the first parameter represents a starting number;
  * the second parameter shows how many consecutive numbers are to be printed;
- two natural numbers and properties to search for;
- separate the parameters with one space;
- enter 0 to exit
Enter a request: > 1 10 BUZZ
7 is jumping, buzz, spy, odd, palindromic
14 is even, buzz
17 is buzz, odd
21 is jumping, buzz, odd
27 is buzz, odd
28 is even, buzz
35 is sunny, buzz, odd
37 is buzz, odd
42 is even, buzz
47 is buzz, odd
Enter a request: > 1 10 DUCK
10 is jumping, even, duck
20 is even, duck
30 is even, duck
40 is even, duck
50 is even, duck
60 is even, duck
70 is even, duck, buzz
80 is even, duck, sunny
90 is even, duck
100 is square, even, duck, gapful
Enter a request: > 1 10 PALINDROMIC
1 is square, jumping, spy, odd, palindromic
2 is jumping, even, spy, palindromic
3 is jumping, sunny, spy, odd, palindromic
4 is square, jumping, even, spy, palindromic
5 is jumping, spy, odd, palindromic
6 is jumping, even, spy, palindromic
7 is jumping, buzz, spy, odd, palindromic
8 is jumping, even, sunny, spy, palindromic
9 is square, jumping, spy, odd, palindromic
11 is odd, palindromic
Enter a request: > 1 10 GAPFUL
100 is square, even, duck, gapful
105 is duck, gapful, buzz, odd
108 is even, duck, gapful
110 is even, duck, gapful
120 is even, duck, gapful, sunny
121 is square, jumping, gapful, odd, palindromic
130 is even, duck, gapful
132 is even, gapful, spy
135 is gapful, odd
140 is even, duck, gapful, buzz
Enter a request: > 1 10 SPY
1 is square, jumping, spy, odd, palindromic
2 is jumping, even, spy, palindromic
3 is jumping, sunny, spy, odd, palindromic
4 is square, jumping, even, spy, palindromic
5 is jumping, spy, odd, palindromic
6 is jumping, even, spy, palindromic
7 is jumping, buzz, spy, odd, palindromic
8 is jumping, even, sunny, spy, palindromic
9 is square, jumping, spy, odd, palindromic
22 is even, spy, palindromic
Enter a request: > 1 10 SQUARE
1 is square, jumping, spy, odd, palindromic
4 is square, jumping, even, spy, palindromic
9 is square, jumping, spy, odd, palindromic
16 is square, even
25 is square, odd
36 is square, even
49 is square, buzz, odd
64 is square, even
81 is square, odd
100 is square, even, duck, gapful
Enter a request: > 1 10 SUNNY
3 is jumping, sunny, spy, odd, palindromic
8 is jumping, even, sunny, spy, palindromic
15 is sunny, odd
24 is even, sunny
35 is sunny, buzz, odd
48 is even, sunny
63 is sunny, buzz, odd
80 is even, duck, sunny
99 is sunny, odd, palindromic
120 is even, duck, gapful, sunny
Enter a request: > 1 10 JUMPING
1 is square, jumping, spy, odd, palindromic
2 is jumping, even, spy, palindromic
3 is jumping, sunny, spy, odd, palindromic
4 is square, jumping, even, spy, palindromic
5 is jumping, spy, odd, palindromic
6 is jumping, even, spy, palindromic
7 is jumping, buzz, spy, odd, palindromic
8 is jumping, even, sunny, spy, palindromic
9 is square, jumping, spy, odd, palindromic
10 is jumping, even, duck
Enter a request: > 1 10 EVEN
2 is jumping, even, spy, palindromic
4 is square, jumping, even, spy, palindromic
6 is jumping, even, spy, palindromic
8 is jumping, even, sunny, spy, palindromic
10 is jumping, even, duck
12 is jumping, even
14 is even, buzz
16 is square, even
18 is even
20 is even, duck
Enter a request: > 1 10 ODD
1 is square, jumping, spy, odd, palindromic
3 is jumping, sunny, spy, odd, palindromic
5 is jumping, spy, odd, palindromic
7 is jumping, buzz, spy, odd, palindromic
9 is square, jumping, spy, odd, palindromic
11 is odd, palindromic
13 is odd
15 is sunny, odd
17 is buzz, odd
19 is odd
Enter a request: > 0
Goodbye!
?[1;31m
Start test 37?[0m
Welcome to Amazing Numbers!
Supported requests:
- enter a natural number to know its properties;
- enter two natural numbers to obtain the properties of the list:
  * the first parameter represents a starting number;
  * the second parameter shows how many consecutive numbers are to be printed;
- two natural numbers and properties to search for;
- separate the parameters with one space;
- enter 0 to exit
Enter a request: > 19816 11 EVEN
19816 is even
19818 is even, gapful
19820 is even, duck, gapful
19822 is even
19824 is even, gapful, buzz
19826 is even
19828 is even
19830 is even, duck, gapful
19832 is even
19834 is even
19836 is even
Enter a request: > 0
Goodbye!
?[1;31m
Start test 38?[0m
Welcome to Amazing Numbers!
Supported requests:
- enter a natural number to know its properties;
- enter two natural numbers to obtain the properties of the list:
  * the first parameter represents a starting number;
  * the second parameter shows how many consecutive numbers are to be printed;
- two natural numbers and properties to search for;
- separate the parameters with one space;
- enter 0 to exit
Enter a request: > 3554 6 SQUARE
3600 is square, even, duck, gapful
3721 is square, odd
3844 is square, even
3969 is square, buzz, odd
4096 is square, even, duck
4225 is square, odd
Enter a request: > 0
Goodbye!
?[1;31m
Start test 39?[0m
Welcome to Amazing Numbers!
Supported requests:
- enter a natural number to know its properties;
- enter two natural numbers to obtain the properties of the list:
  * the first parameter represents a starting number;
  * the second parameter shows how many consecutive numbers are to be printed;
- two natural numbers and properties to search for;
- separate the parameters with one space;
- enter 0 to exit
Enter a request: > 11501 16 EVEN
11502 is even, duck
11504 is even, duck
11506 is even, duck
11508 is even, duck, buzz
11510 is even, duck, gapful
11512 is even, spy
11514 is even
11516 is even
11518 is even
11520 is even, duck, gapful
11522 is even, buzz
11524 is even
11526 is even
11528 is even
11530 is even, duck, gapful
11532 is even, gapful
Enter a request: > 0
Goodbye!
?[1;31m
Start test 40?[0m
Welcome to Amazing Numbers!
Supported requests:
- enter a natural number to know its properties;
- enter two natural numbers to obtain the properties of the list:
  * the first parameter represents a starting number;
  * the second parameter shows how many consecutive numbers are to be printed;
- two natural numbers and properties to search for;
- separate the parameters with one space;
- enter 0 to exit
Enter a request: > 26067 1 EVEN
26068 is even, duck, gapful, buzz
Enter a request: > 0
Goodbye!
?[1;31m
Start test 41?[0m
Welcome to Amazing Numbers!
Supported requests:
- enter a natural number to know its properties;
- enter two natural numbers to obtain the properties of the list:
  * the first parameter represents a starting number;
  * the second parameter shows how many consecutive numbers are to be printed;
- two natural numbers and properties to search for;
- separate the parameters with one space;
- enter 0 to exit
Enter a request: > 439 2 JUMPING
454 is jumping, even, palindromic
456 is jumping, even
Enter a request: > 0
Goodbye!
?[1;31m
Start test 42?[0m
Welcome to Amazing Numbers!
Supported requests:
- enter a natural number to know its properties;
- enter two natural numbers to obtain the properties of the list:
  * the first parameter represents a starting number;
  * the second parameter shows how many consecutive numbers are to be printed;
- two natural numbers and properties to search for;
- separate the parameters with one space;
- enter 0 to exit
Enter a request: > 25041 15 SUNNY
25280 is even, duck, gapful, sunny
25599 is sunny, buzz, odd
25920 is even, duck, gapful, sunny
26243 is gapful, sunny, buzz, odd
26568 is even, sunny
26895 is sunny, odd
27224 is even, sunny
27555 is sunny, odd
27888 is even, gapful, sunny, buzz
28223 is sunny, odd
28560 is even, duck, gapful, sunny, buzz
28899 is sunny, odd
29240 is even, duck, gapful, sunny
29583 is sunny, odd
29928 is even, sunny
Enter a request: > 0
Goodbye!
?[1;31m
Start test 43?[0m
Welcome to Amazing Numbers!
Supported requests:
- enter a natural number to know its properties;
- enter two natural numbers to obtain the properties of the list:
  * the first parameter represents a starting number;
  * the second parameter shows how many consecutive numbers are to be printed;
- two natural numbers and properties to search for;
- separate the parameters with one space;
- enter 0 to exit
Enter a request: > 5769 11 SQUARE
5776 is square, even
5929 is square, buzz, odd
6084 is square, even, duck
6241 is square, odd
6400 is square, even, duck
6561 is square, odd
6724 is square, even
6889 is square, odd
7056 is square, even, duck, buzz
7225 is square, odd
7396 is square, even
Enter a request: > 0
Goodbye!
?[1;31m
Start test 44?[0m
Welcome to Amazing Numbers!
Supported requests:
- enter a natural number to know its properties;
- enter two natural numbers to obtain the properties of the list:
  * the first parameter represents a starting number;
  * the second parameter shows how many consecutive numbers are to be printed;
- two natural numbers and properties to search for;
- separate the parameters with one space;
- enter 0 to exit
Enter a request: > 26565 11 SPY
31113 is spy, odd, palindromic
31131 is spy, odd
31311 is buzz, spy, odd
33111 is spy, odd
51112 is even, spy
51121 is buzz, spy, odd
51211 is spy, odd
52111 is spy, odd
111126 is even, spy
111162 is even, spy
111216 is even, gapful, buzz, spy
Enter a request: > 0
Goodbye!
?[1;31m
Start test 45?[0m
Welcome to Amazing Numbers!
Supported requests:
- enter a natural number to know its properties;
- enter two natural numbers to obtain the properties of the list:
  * the first parameter represents a starting number;
  * the second parameter shows how many consecutive numbers are to be printed;
- two natural numbers and properties to search for;
- separate the parameters with one space;
- enter 0 to exit
Enter a request: > 17157 8 SQUARE
17161 is square, odd
17424 is square, even
17689 is square, gapful, buzz, odd
17956 is square, even
18225 is square, gapful, odd
18496 is square, even, gapful
18769 is square, odd
19044 is square, even, duck
Enter a request: > 0
Goodbye!
?[1;31m
Start test 46?[0m
Welcome to Amazing Numbers!
Supported requests:
- enter a natural number to know its properties;
- enter two natural numbers to obtain the properties of the list:
  * the first parameter represents a starting number;
  * the second parameter shows how many consecutive numbers are to be printed;
- two natural numbers and properties to search for;
- separate the parameters with one space;
- enter 0 to exit
Enter a request: > 10080 2 SUNNY
10200 is even, duck, gapful, sunny
10403 is duck, sunny, odd
Enter a request: > 0
Goodbye!
?[1;31m
Start test 47?[0m
Welcome to Amazing Numbers!
Supported requests:
- enter a natural number to know its properties;
- enter two natural numbers to obtain the properties of the list:
  * the first parameter represents a starting number;
  * the second parameter shows how many consecutive numbers are to be printed;
- two natural numbers and properties to search for;
- separate the parameters with one space;
- enter 0 to exit
Enter a request: > 1 10 odd girl
The property [GIRL] is wrong.
Available properties: [EVEN, ODD, BUZZ, DUCK, PALINDROMIC, GAPFUL, SPY, SQUARE, SUNNY, JUMPING]
Enter a request: > 0
Goodbye!
?[1;31m
Start test 48?[0m
Welcome to Amazing Numbers!
Supported requests:
- enter a natural number to know its properties;
- enter two natural numbers to obtain the properties of the list:
  * the first parameter represents a starting number;
  * the second parameter shows how many consecutive numbers are to be printed;
- two natural numbers and properties to search for;
- separate the parameters with one space;
- enter 0 to exit
Enter a request: > 40 2 even day
The property [DAY] is wrong.
Available properties: [EVEN, ODD, BUZZ, DUCK, PALINDROMIC, GAPFUL, SPY, SQUARE, SUNNY, JUMPING]
Enter a request: > 0
Goodbye!
?[1;31m
Start test 49?[0m
Welcome to Amazing Numbers!
Supported requests:
- enter a natural number to know its properties;
- enter two natural numbers to obtain the properties of the list:
  * the first parameter represents a starting number;
  * the second parameter shows how many consecutive numbers are to be printed;
- two natural numbers and properties to search for;
- separate the parameters with one space;
- enter 0 to exit
Enter a request: > 37 4 spy 89
The property [89] is wrong.
Available properties: [EVEN, ODD, BUZZ, DUCK, PALINDROMIC, GAPFUL, SPY, SQUARE, SUNNY, JUMPING]
Enter a request: > 0
Goodbye!
?[1;31m
Start test 50?[0m
Welcome to Amazing Numbers!
Supported requests:
- enter a natural number to know its properties;
- enter two natural numbers to obtain the properties of the list:
  * the first parameter represents a starting number;
  * the second parameter shows how many consecutive numbers are to be printed;
- two natural numbers and properties to search for;
- separate the parameters with one space;
- enter 0 to exit
Enter a request: > 67 2 DUCK +
The property [+] is wrong.
Available properties: [EVEN, ODD, BUZZ, DUCK, PALINDROMIC, GAPFUL, SPY, SQUARE, SUNNY, JUMPING]
Enter a request: > 0
Goodbye!
?[1;31m
Start test 51?[0m
Welcome to Amazing Numbers!
Supported requests:
- enter a natural number to know its properties;
- enter two natural numbers to obtain the properties of the list:
  * the first parameter represents a starting number;
  * the second parameter shows how many consecutive numbers are to be printed;
- two natural numbers and properties to search for;
- separate the parameters with one space;
- enter 0 to exit
Enter a request: > 1 10 boy friend
The properties [BOY, FRIEND] are wrong.
Available properties: [EVEN, ODD, BUZZ, DUCK, PALINDROMIC, GAPFUL, SPY, SQUARE, SUNNY, JUMPING]
Enter a request: > 0
Goodbye!
?[1;31m
Start test 52?[0m
Welcome to Amazing Numbers!
Supported requests:
- enter a natural number to know its properties;
- enter two natural numbers to obtain the properties of the list:
  * the first parameter represents a starting number;
  * the second parameter shows how many consecutive numbers are to be printed;
- two natural numbers and properties to search for;
- separate the parameters with one space;
- enter 0 to exit
Enter a request: > 40 2 long day
The properties [LONG, DAY] are wrong.
Available properties: [EVEN, ODD, BUZZ, DUCK, PALINDROMIC, GAPFUL, SPY, SQUARE, SUNNY, JUMPING]
Enter a request: > 0
Goodbye!
?[1;31m
Start test 53?[0m
Welcome to Amazing Numbers!
Supported requests:
- enter a natural number to know its properties;
- enter two natural numbers to obtain the properties of the list:
  * the first parameter represents a starting number;
  * the second parameter shows how many consecutive numbers are to be printed;
- two natural numbers and properties to search for;
- separate the parameters with one space;
- enter 0 to exit
Enter a request: > 37 4 hot girl
The properties [HOT, GIRL] are wrong.
Available properties: [EVEN, ODD, BUZZ, DUCK, PALINDROMIC, GAPFUL, SPY, SQUARE, SUNNY, JUMPING]
Enter a request: > 0
Goodbye!
?[1;31m
Start test 54?[0m
Welcome to Amazing Numbers!
Supported requests:
- enter a natural number to know its properties;
- enter two natural numbers to obtain the properties of the list:
  * the first parameter represents a starting number;
  * the second parameter shows how many consecutive numbers are to be printed;
- two natural numbers and properties to search for;
- separate the parameters with one space;
- enter 0 to exit
Enter a request: > 67 2 strong drake
The properties [STRONG, DRAKE] are wrong.
Available properties: [EVEN, ODD, BUZZ, DUCK, PALINDROMIC, GAPFUL, SPY, SQUARE, SUNNY, JUMPING]
Enter a request: > 0
Goodbye!
?[1;31m
Start test 55?[0m
Welcome to Amazing Numbers!
Supported requests:
- enter a natural number to know its properties;
- enter two natural numbers to obtain the properties of the list:
  * the first parameter represents a starting number;
  * the second parameter shows how many consecutive numbers are to be printed;
- two natural numbers and properties to search for;
- separate the parameters with one space;
- enter 0 to exit
Enter a request: > 1 7 odd spy palindromic
1 is square, jumping, spy, odd, palindromic
3 is jumping, sunny, spy, odd, palindromic
5 is jumping, spy, odd, palindromic
7 is jumping, buzz, spy, odd, palindromic
9 is square, jumping, spy, odd, palindromic
12221 is gapful, spy, odd, palindromic
13131 is spy, odd, palindromic
Enter a request: > 0
Goodbye!
?[1;31m
Start test 56?[0m
Welcome to Amazing Numbers!
Supported requests:
- enter a natural number to know its properties;
- enter two natural numbers to obtain the properties of the list:
  * the first parameter represents a starting number;
  * the second parameter shows how many consecutive numbers are to be printed;
- two natural numbers and properties to search for;
- separate the parameters with one space;
- enter 0 to exit
Enter a request: > 1 10 even palindromic duck buzz
2002 is even, duck, gapful, buzz, palindromic
4004 is even, duck, gapful, buzz, palindromic
6006 is even, duck, gapful, buzz, palindromic
8008 is even, duck, gapful, buzz, palindromic
20202 is even, duck, buzz, palindromic
20902 is even, duck, buzz, palindromic
22022 is even, duck, gapful, buzz, palindromic
29092 is even, duck, buzz, palindromic
40404 is even, duck, buzz, palindromic
44044 is even, duck, gapful, buzz, palindromic
Enter a request: > 0
Goodbye!
?[1;31m
Start test 57?[0m
Welcome to Amazing Numbers!
Supported requests:
- enter a natural number to know its properties;
- enter two natural numbers to obtain the properties of the list:
  * the first parameter represents a starting number;
  * the second parameter shows how many consecutive numbers are to be printed;
- two natural numbers and properties to search for;
- separate the parameters with one space;
- enter 0 to exit
Enter a request: > 1 9 even palindromic duck buzz gapful
2002 is even, duck, gapful, buzz, palindromic
4004 is even, duck, gapful, buzz, palindromic
6006 is even, duck, gapful, buzz, palindromic
8008 is even, duck, gapful, buzz, palindromic
22022 is even, duck, gapful, buzz, palindromic
44044 is even, duck, gapful, buzz, palindromic
66066 is even, duck, gapful, buzz, palindromic
88088 is even, duck, gapful, buzz, palindromic
202202 is even, duck, gapful, buzz, palindromic
Enter a request: > 0
Goodbye!
?[1;31m
Start test 58?[0m
Welcome to Amazing Numbers!
Supported requests:
- enter a natural number to know its properties;
- enter two natural numbers to obtain the properties of the list:
  * the first parameter represents a starting number;
  * the second parameter shows how many consecutive numbers are to be printed;
- two natural numbers and properties to search for;
- separate the parameters with one space;
- enter 0 to exit
Enter a request: > 1 10 even sunny duck buzz gapful
1680 is even, duck, gapful, sunny, buzz
4760 is even, duck, gapful, sunny, buzz
9408 is even, duck, gapful, sunny, buzz
12320 is even, duck, gapful, sunny, buzz
19320 is even, duck, gapful, sunny, buzz
19880 is even, duck, gapful, sunny, buzz
23408 is even, duck, gapful, sunny, buzz
24024 is even, duck, gapful, sunny, buzz
28560 is even, duck, gapful, sunny, buzz
32760 is even, duck, gapful, sunny, buzz
Enter a request: > 0
Goodbye!
?[1;31m
Start test 59?[0m
Welcome to Amazing Numbers!
Supported requests:
- enter a natural number to know its properties;
- enter two natural numbers to obtain the properties of the list:
  * the first parameter represents a starting number;
  * the second parameter shows how many consecutive numbers are to be printed;
- two natural numbers and properties to search for;
- separate the parameters with one space;
- enter 0 to exit
Enter a request: > 100000 2 even spy buzz gapful
111216 is even, gapful, buzz, spy
161112 is even, gapful, buzz, spy
Enter a request: > 0
Goodbye!
?[1;31m
Start test 60?[0m
Welcome to Amazing Numbers!
Supported requests:
- enter a natural number to know its properties;
- enter two natural numbers to obtain the properties of the list:
  * the first parameter represents a starting number;
  * the second parameter shows how many consecutive numbers are to be printed;
- two natural numbers and properties to search for;
- separate the parameters with one space;
- enter 0 to exit
Enter a request: > 100 4 odd spy gapful
231 is gapful, buzz, spy, odd
12221 is gapful, spy, odd, palindromic
216111 is gapful, buzz, spy, odd
1111341 is gapful, buzz, spy, odd
Enter a request: > 0
Goodbye!
?[1;31m
Start test 61?[0m
Welcome to Amazing Numbers!
Supported requests:
- enter a natural number to know its properties;
- enter two natural numbers to obtain the properties of the list:
  * the first parameter represents a starting number;
  * the second parameter shows how many consecutive numbers are to be printed;
- two natural numbers and properties to search for;
- separate the parameters with one space;
- enter 0 to exit
Enter a request: > 2000 4 even palindromic duck
2002 is even, duck, gapful, buzz, palindromic
4004 is even, duck, gapful, buzz, palindromic
6006 is even, duck, gapful, buzz, palindromic
8008 is even, duck, gapful, buzz, palindromic
Enter a request: > 0
Goodbye!
?[1;31m
Start test 62?[0m
Welcome to Amazing Numbers!
Supported requests:
- enter a natural number to know its properties;
- enter two natural numbers to obtain the properties of the list:
  * the first parameter represents a starting number;
  * the second parameter shows how many consecutive numbers are to be printed;
- two natural numbers and properties to search for;
- separate the parameters with one space;
- enter 0 to exit
Enter a request: > 1 7 even spy
2 is jumping, even, spy, palindromic
4 is square, jumping, even, spy, palindromic
6 is jumping, even, spy, palindromic
8 is jumping, even, sunny, spy, palindromic
22 is even, spy, palindromic
132 is even, gapful, spy
312 is even, spy
Enter a request: > 0
Goodbye!
?[1;31m
Start test 63?[0m
Welcome to Amazing Numbers!
Supported requests:
- enter a natural number to know its properties;
- enter two natural numbers to obtain the properties of the list:
  * the first parameter represents a starting number;
  * the second parameter shows how many consecutive numbers are to be printed;
- two natural numbers and properties to search for;
- separate the parameters with one space;
- enter 0 to exit
Enter a request: > 1 10 odd buzz
7 is jumping, buzz, spy, odd, palindromic
17 is buzz, odd
21 is jumping, buzz, odd
27 is buzz, odd
35 is sunny, buzz, odd
37 is buzz, odd
47 is buzz, odd
49 is square, buzz, odd
57 is buzz, odd
63 is sunny, buzz, odd
Enter a request: > 0
Goodbye!
?[1;31m
Start test 64?[0m
Welcome to Amazing Numbers!
Supported requests:
- enter a natural number to know its properties;
- enter two natural numbers to obtain the properties of the list:
  * the first parameter represents a starting number;
  * the second parameter shows how many consecutive numbers are to be printed;
- two natural numbers and properties to search for;
- separate the parameters with one space;
- enter 0 to exit
Enter a request: > 1 9 buzz gapful
105 is duck, gapful, buzz, odd
140 is even, duck, gapful, buzz
154 is even, gapful, buzz
187 is gapful, buzz, odd
231 is gapful, buzz, spy, odd
280 is even, duck, gapful, buzz
297 is gapful, buzz, odd
315 is gapful, buzz, odd
385 is gapful, buzz, odd
Enter a request: > 0
Goodbye!
?[1;31m
Start test 65?[0m
Welcome to Amazing Numbers!
Supported requests:
- enter a natural number to know its properties;
- enter two natural numbers to obtain the properties of the list:
  * the first parameter represents a starting number;
  * the second parameter shows how many consecutive numbers are to be printed;
- two natural numbers and properties to search for;
- separate the parameters with one space;
- enter 0 to exit
Enter a request: > 1 10 spy buzz
7 is jumping, buzz, spy, odd, palindromic
231 is gapful, buzz, spy, odd
1421 is buzz, spy, odd
2114 is even, buzz, spy
15211 is buzz, spy, odd
21511 is buzz, spy, odd
22211 is buzz, spy, odd
31311 is buzz, spy, odd
51121 is buzz, spy, odd
111216 is even, gapful, buzz, spy
Enter a request: > 0
Goodbye!
?[1;31m
Start test 66?[0m
Welcome to Amazing Numbers!
Supported requests:
- enter a natural number to know its properties;
- enter two natural numbers to obtain the properties of the list:
  * the first parameter represents a starting number;
  * the second parameter shows how many consecutive numbers are to be printed;
- two natural numbers and properties to search for;
- separate the parameters with one space;
- enter 0 to exit
Enter a request: > 100000 2 even spy
111126 is even, spy
111162 is even, spy
Enter a request: > 0
Goodbye!
?[1;31m
Start test 67?[0m
Welcome to Amazing Numbers!
Supported requests:
- enter a natural number to know its properties;
- enter two natural numbers to obtain the properties of the list:
  * the first parameter represents a starting number;
  * the second parameter shows how many consecutive numbers are to be printed;
- two natural numbers and properties to search for;
- separate the parameters with one space;
- enter 0 to exit
Enter a request: > 100 4 odd gapful
105 is duck, gapful, buzz, odd
121 is square, jumping, gapful, odd, palindromic
135 is gapful, odd
143 is gapful, sunny, odd
Enter a request: > 0
Goodbye!
?[1;31m
Start test 68?[0m
Welcome to Amazing Numbers!
Supported requests:
- enter a natural number to know its properties;
- enter two natural numbers to obtain the properties of the list:
  * the first parameter represents a starting number;
  * the second parameter shows how many consecutive numbers are to be printed;
- two natural numbers and properties to search for;
- separate the parameters with one space;
- enter 0 to exit
Enter a request: > 2000 4 palindromic duck
2002 is even, duck, gapful, buzz, palindromic
3003 is duck, gapful, buzz, odd, palindromic
4004 is even, duck, gapful, buzz, palindromic
5005 is duck, gapful, buzz, odd, palindromic
Enter a request: > 0
Goodbye!
?[1;31m
Start test 69?[0m
Welcome to Amazing Numbers!
Supported requests:
- enter a natural number to know its properties;
- enter two natural numbers to obtain the properties of the list:
  * the first parameter represents a starting number;
  * the second parameter shows how many consecutive numbers are to be printed;
- two natural numbers and properties to search for;
- separate the parameters with one space;
- enter 0 to exit
Enter a request: > 22530 9 JUMPING ODD 242
The property [242] is wrong.
Available properties: [EVEN, ODD, BUZZ, DUCK, PALINDROMIC, GAPFUL, SPY, SQUARE, SUNNY, JUMPING]
Enter a request: > 0
Goodbye!
?[1;31m
Start test 70?[0m
Welcome to Amazing Numbers!
Supported requests:
- enter a natural number to know its properties;
- enter two natural numbers to obtain the properties of the list:
  * the first parameter represents a starting number;
  * the second parameter shows how many consecutive numbers are to be printed;
- two natural numbers and properties to search for;
- separate the parameters with one space;
- enter 0 to exit
Enter a request: > 10535 19 ~~ EVEN GAPFUL BUZZ ODD
The property [~~] is wrong.
Available properties: [EVEN, ODD, BUZZ, DUCK, PALINDROMIC, GAPFUL, SPY, SQUARE, SUNNY, JUMPING]
Enter a request: > 0
Goodbye!
?[1;31m
Start test 71?[0m
Welcome to Amazing Numbers!
Supported requests:
- enter a natural number to know its properties;
- enter two natural numbers to obtain the properties of the list:
  * the first parameter represents a starting number;
  * the second parameter shows how many consecutive numbers are to be printed;
- two natural numbers and properties to search for;
- separate the parameters with one space;
- enter 0 to exit
Enter a request: > 25375 20 GAPFUL BUZZ SPY buzzz SQUARE
The property [BUZZZ] is wrong.
Available properties: [EVEN, ODD, BUZZ, DUCK, PALINDROMIC, GAPFUL, SPY, SQUARE, SUNNY, JUMPING]
Enter a request: > 0
Goodbye!
?[1;31m
Start test 72?[0m
Welcome to Amazing Numbers!
Supported requests:
- enter a natural number to know its properties;
- enter two natural numbers to obtain the properties of the list:
  * the first parameter represents a starting number;
  * the second parameter shows how many consecutive numbers are to be printed;
- two natural numbers and properties to search for;
- separate the parameters with one space;
- enter 0 to exit
Enter a request: > 19191 12 EVEN JUMPING SUNNY drake BUZZ
The property [DRAKE] is wrong.
Available properties: [EVEN, ODD, BUZZ, DUCK, PALINDROMIC, GAPFUL, SPY, SQUARE, SUNNY, JUMPING]
Enter a request: > 0
Goodbye!
?[1;31m
Start test 73?[0m
Welcome to Amazing Numbers!
Supported requests:
- enter a natural number to know its properties;
- enter two natural numbers to obtain the properties of the list:
  * the first parameter represents a starting number;
  * the second parameter shows how many consecutive numbers are to be printed;
- two natural numbers and properties to search for;
- separate the parameters with one space;
- enter 0 to exit
Enter a request: > 4347 11 EVEN drake
The property [DRAKE] is wrong.
Available properties: [EVEN, ODD, BUZZ, DUCK, PALINDROMIC, GAPFUL, SPY, SQUARE, SUNNY, JUMPING]
Enter a request: > 0
Goodbye!
?[1;31m
Start test 74?[0m
Welcome to Amazing Numbers!
Supported requests:
- enter a natural number to know its properties;
- enter two natural numbers to obtain the properties of the list:
  * the first parameter represents a starting number;
  * the second parameter shows how many consecutive numbers are to be printed;
- two natural numbers and properties to search for;
- separate the parameters with one space;
- enter 0 to exit
Enter a request: > 22402 10 _odd_
The property [_ODD_] is wrong.
Available properties: [EVEN, ODD, BUZZ, DUCK, PALINDROMIC, GAPFUL, SPY, SQUARE, SUNNY, JUMPING]
Enter a request: > 0
Goodbye!
?[1;31m
Start test 75?[0m
Welcome to Amazing Numbers!
Supported requests:
- enter a natural number to know its properties;
- enter two natural numbers to obtain the properties of the list:
  * the first parameter represents a starting number;
  * the second parameter shows how many consecutive numbers are to be printed;
- two natural numbers and properties to search for;
- separate the parameters with one space;
- enter 0 to exit
Enter a request: > 23529 3 ODD drake
The property [DRAKE] is wrong.
Available properties: [EVEN, ODD, BUZZ, DUCK, PALINDROMIC, GAPFUL, SPY, SQUARE, SUNNY, JUMPING]
Enter a request: > 0
Goodbye!
?[1;31m
Start test 76?[0m
Welcome to Amazing Numbers!
Supported requests:
- enter a natural number to know its properties;
- enter two natural numbers to obtain the properties of the list:
  * the first parameter represents a starting number;
  * the second parameter shows how many consecutive numbers are to be printed;
- two natural numbers and properties to search for;
- separate the parameters with one space;
- enter 0 to exit
Enter a request: > 4291 17 SUNNY SQUARE evens SPY BUZZ
The property [EVENS] is wrong.
Available properties: [EVEN, ODD, BUZZ, DUCK, PALINDROMIC, GAPFUL, SPY, SQUARE, SUNNY, JUMPING]
Enter a request: > 0
Goodbye!
?[1;31m
Start test 77?[0m
Welcome to Amazing Numbers!
Supported requests:
- enter a natural number to know its properties;
- enter two natural numbers to obtain the properties of the list:
  * the first parameter represents a starting number;
  * the second parameter shows how many consecutive numbers are to be printed;
- two natural numbers and properties to search for;
- separate the parameters with one space;
- enter 0 to exit
Enter a request: > 2295 18 242
The property [242] is wrong.
Available properties: [EVEN, ODD, BUZZ, DUCK, PALINDROMIC, GAPFUL, SPY, SQUARE, SUNNY, JUMPING]
Enter a request: > 0
Goodbye!
?[1;31m
Start test 78?[0m
Welcome to Amazing Numbers!
Supported requests:
- enter a natural number to know its properties;
- enter two natural numbers to obtain the properties of the list:
  * the first parameter represents a starting number;
  * the second parameter shows how many consecutive numbers are to be printed;
- two natural numbers and properties to search for;
- separate the parameters with one space;
- enter 0 to exit
Enter a request: > 20299 7 DUCK gipful SQUARE
The property [GIPFUL] is wrong.
Available properties: [EVEN, ODD, BUZZ, DUCK, PALINDROMIC, GAPFUL, SPY, SQUARE, SUNNY, JUMPING]
Enter a request: > 0
Goodbye!
?[1;31m
Start test 79?[0m
Welcome to Amazing Numbers!
Supported requests:
- enter a natural number to know its properties;
- enter two natural numbers to obtain the properties of the list:
  * the first parameter represents a starting number;
  * the second parameter shows how many consecutive numbers are to be printed;
- two natural numbers and properties to search for;
- separate the parameters with one space;
- enter 0 to exit
Enter a request: > 5 1 odd even
The request contains mutually exclusive properties: [ODD, EVEN] 
There are no numbers with these properties.
Enter a request: > 0
Goodbye!
?[1;31m
Start test 80?[0m
Welcome to Amazing Numbers!
Supported requests:
- enter a natural number to know its properties;
- enter two natural numbers to obtain the properties of the list:
  * the first parameter represents a starting number;
  * the second parameter shows how many consecutive numbers are to be printed;
- two natural numbers and properties to search for;
- separate the parameters with one space;
- enter 0 to exit
Enter a request: > 4 3 even odd
The request contains mutually exclusive properties: [ODD, EVEN] 
There are no numbers with these properties.
Enter a request: > 0
Goodbye!
?[1;31m
Start test 81?[0m
Welcome to Amazing Numbers!
Supported requests:
- enter a natural number to know its properties;
- enter two natural numbers to obtain the properties of the list:
  * the first parameter represents a starting number;
  * the second parameter shows how many consecutive numbers are to be printed;
- two natural numbers and properties to search for;
- separate the parameters with one space;
- enter 0 to exit
Enter a request: > 32 2 sunny square
The request contains mutually exclusive properties: [SUNNY, SQUARE] 
There are no numbers with these properties.
Enter a request: > 0
Goodbye!
?[1;31m
Start test 82?[0m
Welcome to Amazing Numbers!
Supported requests:
- enter a natural number to know its properties;
- enter two natural numbers to obtain the properties of the list:
  * the first parameter represents a starting number;
  * the second parameter shows how many consecutive numbers are to be printed;
- two natural numbers and properties to search for;
- separate the parameters with one space;
- enter 0 to exit
Enter a request: > 3153 2 spy duck
The request contains mutually exclusive properties: [DUCK, SPY] 
There are no numbers with these properties.
Enter a request: > 0
Goodbye!
?[1;31m
Start test 83?[0m
Welcome to Amazing Numbers!
Supported requests:
- enter a natural number to know its properties;
- enter two natural numbers to obtain the properties of the list:
  * the first parameter represents a starting number;
  * the second parameter shows how many consecutive numbers are to be printed;
- two natural numbers and properties to search for;
- separate the parameters with one space;
- enter 0 to exit
Enter a request: > 6 7 duck spy
The request contains mutually exclusive properties: [DUCK, SPY] 
There are no numbers with these properties.
Enter a request: > 0
Goodbye!
?[1;31m
Start test 84?[0m
Welcome to Amazing Numbers!
Supported requests:
- enter a natural number to know its properties;
- enter two natural numbers to obtain the properties of the list:
  * the first parameter represents a starting number;
  * the second parameter shows how many consecutive numbers are to be printed;
- two natural numbers and properties to search for;
- separate the parameters with one space;
- enter 0 to exit
Enter a request: > 1 2 spy odd sunny even
The request contains mutually exclusive properties: [ODD, EVEN] 
There are no numbers with these properties.
Enter a request: > 0
Goodbye!
?[1;31m
Start test 85?[0m
Welcome to Amazing Numbers!
Supported requests:
- enter a natural number to know its properties;
- enter two natural numbers to obtain the properties of the list:
  * the first parameter represents a starting number;
  * the second parameter shows how many consecutive numbers are to be printed;
- two natural numbers and properties to search for;
- separate the parameters with one space;
- enter 0 to exit
Enter a request: > 7 2 sunny even duck buzz square
The request contains mutually exclusive properties: [SUNNY, SQUARE] 
There are no numbers with these properties.
Enter a request: > 0
Goodbye!
?[1;31m
Start test 86?[0m
Welcome to Amazing Numbers!
Supported requests:
- enter a natural number to know its properties;
- enter two natural numbers to obtain the properties of the list:
  * the first parameter represents a starting number;
  * the second parameter shows how many consecutive numbers are to be printed;
- two natural numbers and properties to search for;
- separate the parameters with one space;
- enter 0 to exit
Enter a request: > 9 5 even spy buzz duck
The request contains mutually exclusive properties: [DUCK, SPY] 
There are no numbers with these properties.
Enter a request: > 0
Goodbye!
]]></system-out>
  <system-err><![CDATA[]]></system-err>
</testsuite>
